2025-03-18 05:12:09 | Glenn | abigail123@gmail.com | 09066184561 | Rex | other | siwawa | surgery
2025-03-18 05:17:21 | Glenn | abigaildiao674@gmail.com | 09066184561 | Rex | other | siwawa | consultation
2025-03-18 05:19:11 | Glenn | abigaildiao674@gmail.com | 09066184561 | Rex | other | siwawa | wellness
2025-03-18 05:22:00 | Glenn | abigaildiao674@gmail.com | 09066184561 | Rex | other | siwawa | wellness
2025-03-18 05:39:25 | abigail | abigaildiao674@gmail.com | 09268083822 | pipo | dog | timawa | deworming
2025-03-18 05:47:23 | Glenn | abigaildiao674@gmail.com | 09066184561 | Rex | dog | siwawa | surgery
2025-03-18 05:47:26 | Glenn | abigaildiao674@gmail.com | 09066184561 | Rex | dog | siwawa | surgery
2025-03-18 06:01:22 | asd | glennjuliusalmonte@gmail.com | 09066184561 | wew | dog | siwawa | wellness
2025-03-18 06:01:23 | asd | glennjuliusalmonte@gmail.com | 09066184561 | wew | dog | siwawa | wellness
2025-03-18 06:04:27 | abi | abigaildiao674@gmail.com | 09630853859 | pipo | dog | askal | wellness
2025-03-18 08:02:50 | orls | matthewjohnsantos2004@gmail.com | 12345678989 | mattew john santos | dog | para iyot | wellness
2025-03-18 08:02:51 | orls | matthewjohnsantos2004@gmail.com | 12345678989 | mattew john santos | dog | para iyot | wellness
2025-03-21 07:39:00 | Abi | glennjuliusalmonte@gmail.com | 09066184561 | Rex | dog | siwawa | wellness
2025-03-31 16:24:45 | abi | abigaildiao674@gmail.com | 09066184561 | Rex | dog | siwawa | wellness
2025-04-08 15:26:27 | abigail diao | abigaildiao674@gmail.com | 09066184561 | chuchay |  | askal | vaccination
2025-04-09 03:43:46 | abigail diao | abigaildiao674@gmail.com | 09066184561 | chuchay |  | askal | grooming
2025-04-09 03:49:59 | abigail diao | abigaildiao674@gmail.com | 09066184561 | chuchay |  | askal | deworming
2025-04-09 03:55:01 | abigail diao | abigaildiao674@gmail.com | 09066184561 | chuchay |  date | askal | consultation
2025-04-09 03:57:26 | abigail diao | abigaildiao674@gmail.com | 09066184561 | chuchay |  | askal | laboratory
2025-04-09 04:05:16 | abigail diao | abigaildiao674@gmail.com | 09066184561 | chuchay | dog | askal | 2025-04-17 | vaccination
2025-04-09 04:05:17 | abigail diao | abigaildiao674@gmail.com | 09066184561 | chuchay | dog | askal | 2025-04-17 | vaccination
2025-04-15 08:58:33 | abigail diao | abigaildiao674@gmail.com | 09066184561 | chuchay | dog | askal | 2025-04-16 | consultation
2025-04-22 09:13:32 | Abigail Diao | glennjuliusalmonte@gmail.com | 09055871080 | chuchay | dog | askal | 2025-04-25 | deworming
2025-04-22 09:55:08 | orls | orlspotato@gmail.com | 01245221152544 | markjosehp | dog | asong manyak | 2025-04-23 | surgery
2025-09-30 21:21:18 | renato bautista | renatobautista17@gmail.com | 09944832234 | snow | cat | siamese | 2025-10-29 | wellness
